Сборка начата 10.09.2016 18:40:46.
     1>Проект "D:\Study\Image Processing\png_lib\png_lib\zlib\zlib.vcxproj" в узле 2 (целевые объекты Build).
     1>ClCompile:
         C:\Program Files (x86)\Microsoft Visual Studio 12.0\VC\bin\CL.exe /c /ZI /nologo /W3 /WX- /Od /Oy- /D WIN32 /D DEBUG /D _MBCS /Gm /EHsc /RTC1 /MDd /GS /fp:precise /Zc:wchar_t /Zc:forScope /Fo"Debug\\" /Fd"Debug\vc120.pdb" /Gd /TC /analyze- /errorReport:prompt adler32.c compress.c crc32.c deflate.c gzio.c infback.c inffast.c inflate.c inftrees.c trees.c uncompr.c zutil.c
         zutil.c
         uncompr.c
         trees.c
         inftrees.c
         inflate.c
         inffast.c
         infback.c
         gzio.c
     1>d:\study\image processing\png_lib\png_lib\zlib\gzio.c(131): warning C4996: 'strcpy': This function or variable may be unsafe. Consider using strcpy_s instead. To disable deprecation, use _CRT_SECURE_NO_WARNINGS. See online help for details.
                 c:\program files (x86)\microsoft visual studio 12.0\vc\include\string.h(112): см. объявление "strcpy"
     1>d:\study\image processing\png_lib\png_lib\zlib\gzio.c(181): warning C4996: 'fopen': This function or variable may be unsafe. Consider using fopen_s instead. To disable deprecation, use _CRT_SECURE_NO_WARNINGS. See online help for details.
                 c:\program files (x86)\microsoft visual studio 12.0\vc\include\stdio.h(211): см. объявление "fopen"
     1>d:\study\image processing\png_lib\png_lib\zlib\gzio.c(226): warning C4996: 'sprintf': This function or variable may be unsafe. Consider using sprintf_s instead. To disable deprecation, use _CRT_SECURE_NO_WARNINGS. See online help for details.
                 c:\program files (x86)\microsoft visual studio 12.0\vc\include\stdio.h(356): см. объявление "sprintf"
     1>d:\study\image processing\png_lib\png_lib\zlib\gzio.c(627): warning C4996: '_vsnprintf': This function or variable may be unsafe. Consider using _vsnprintf_s instead. To disable deprecation, use _CRT_SECURE_NO_WARNINGS. See online help for details.
                 c:\program files (x86)\microsoft visual studio 12.0\vc\include\stdio.h(346): см. объявление "_vsnprintf"
     1>d:\study\image processing\png_lib\png_lib\zlib\gzio.c(1001): warning C4996: 'strerror': This function or variable may be unsafe. Consider using strerror_s instead. To disable deprecation, use _CRT_SECURE_NO_WARNINGS. See online help for details.
                 c:\program files (x86)\microsoft visual studio 12.0\vc\include\string.h(168): см. объявление "strerror"
     1>d:\study\image processing\png_lib\png_lib\zlib\gzio.c(1008): warning C4996: 'strcpy': This function or variable may be unsafe. Consider using strcpy_s instead. To disable deprecation, use _CRT_SECURE_NO_WARNINGS. See online help for details.
                 c:\program files (x86)\microsoft visual studio 12.0\vc\include\string.h(112): см. объявление "strcpy"
     1>d:\study\image processing\png_lib\png_lib\zlib\gzio.c(1009): warning C4996: 'strcat': This function or variable may be unsafe. Consider using strcat_s instead. To disable deprecation, use _CRT_SECURE_NO_WARNINGS. See online help for details.
                 c:\program files (x86)\microsoft visual studio 12.0\vc\include\string.h(118): см. объявление "strcat"
     1>d:\study\image processing\png_lib\png_lib\zlib\gzio.c(1010): warning C4996: 'strcat': This function or variable may be unsafe. Consider using strcat_s instead. To disable deprecation, use _CRT_SECURE_NO_WARNINGS. See online help for details.
                 c:\program files (x86)\microsoft visual studio 12.0\vc\include\string.h(118): см. объявление "strcat"
         deflate.c
         crc32.c
         compress.c
         adler32.c
         Создание кода...
       Lib:
         C:\Program Files (x86)\Microsoft Visual Studio 12.0\VC\bin\Lib.exe /OUT:"D:\Study\Image Processing\png_lib\png_lib\Debug\zlib.lib" /NOLOGO Debug\adler32.obj
         Debug\compress.obj
         Debug\crc32.obj
         Debug\deflate.obj
         Debug\gzio.obj
         Debug\infback.obj
         Debug\inffast.obj
         Debug\inflate.obj
         Debug\inftrees.obj
         Debug\trees.obj
         Debug\uncompr.obj
         Debug\zutil.obj
         zlib.vcxproj -> D:\Study\Image Processing\png_lib\png_lib\Debug\zlib.lib
     1>Сборка проекта "D:\Study\Image Processing\png_lib\png_lib\zlib\zlib.vcxproj" завершена (целевые объекты Build).

Сборка успешно завершена.

Затраченное время: 00:00:05.33
